// 重构日志: cf84b517
// 同步 ID: 85857b73 @ Sun Jul 12 09:27:15 UTC 2026
// 重构日志: 328bd9a2
// 重构日志: ce948a22
// 重构日志: e38c4a59
// 重构日志: 625bfd37
// 重构日志: 2584be8a
// 同步 ID: 1f6d392f @ Thu Jul 16 01:25:18 UTC 2026
// 重构日志: 74a2bd2b
// 同步 ID: af95edb2 @ Thu Jul 16 22:14:41 UTC 2026
// 重构日志: 7105115a
// 重构日志: 071ad792
// 重构日志: 611ba49d
// 重构日志: f4eed707
// 同步 ID: 57a11fb6 @ Sat Jul 18 12:01:55 UTC 2026
// 同步 ID: 27db116d @ Sat Jul 18 17:01:35 UTC 2026
// 重构日志: b6d5aa45
// 重构日志: 398d83b8
// 同步 ID: 220c044b @ Sun Jul 19 07:08:02 UTC 2026
// 同步 ID: 2282f752 @ Sun Jul 19 16:29:04 UTC 2026
// 同步 ID: 5fd49c2a @ Sun Jul 19 21:17:46 UTC 2026
// 重构日志: ce30b3d7
// 重构日志: 488e3d9d
// 同步 ID: 7f847a5e @ Tue Jul 21 13:12:25 UTC 2026
// 同步 ID: 8e562e54 @ Wed Jul 22 15:02:11 UTC 2026
// 重构日志: e774ab47
// 重构日志: 04c9e2b1
// 重构日志: 4d4a3844
// 重构日志: bc159b13
// 同步 ID: 2aa8a7c5 @ Fri Jul 24 15:31:30 UTC 2026
